# JRE version: Java(TM) SE Runtime Environment (8.0_131-b11) (build 1.8.0_131-b11)
# Java VM: Java HotSpot(TM) 64-Bit Server VM (25.131-b11 mixed mode windows-amd64 compressed oops)
Heap:
 PSYoungGen      total 302080K, used 66648K [0x000000076dd80000, 0x0000000786600000, 0x00000007c0000000)
  eden space 285184K, 23% used [0x000000076dd80000,0x0000000771e96328,0x000000077f400000)
  from space 16896K, 0% used [0x000000077f400000,0x000000077f400000,0x0000000780480000)
  to   space 22528K, 0% used [0x0000000785000000,0x0000000785000000,0x0000000786600000)
 ParOldGen       total 174080K, used 39346K [0x00000006c9800000, 0x00000006d4200000, 0x000000076dd80000)
  object space 174080K, 22% used [0x00000006c9800000,0x00000006cbe6cb90,0x00000006d4200000)
 Metaspace       used 57397K, capacity 60936K, committed 61272K, reserved 1103872K
  class space    used 7792K, capacity 8461K, committed 8576K, reserved 1048576K
GC Heap History (10 events):
Event: 7.705 GC heap before
{Heap before GC invocations=10 (full 2):
 PSYoungGen      total 229888K, used 12067K [0x000000076dd80000, 0x000000077cf00000, 0x00000007c0000000)
  eden space 216064K, 0% used [0x000000076dd80000,0x000000076dd80000,0x000000077b080000)
  from space 13824K, 87% used [0x000000077bf00000,0x000000077cac8d50,0x000000077cc80000)
  to   space 14848K, 0% used [0x000000077b080000,0x000000077b080000,0x000000077bf00000)
 ParOldGen       total 78848K, used 8667K [0x00000006c9800000, 0x00000006ce500000, 0x000000076dd80000)
  object space 78848K, 10% used [0x00000006c9800000,0x00000006ca076fc0,0x00000006ce500000)
 Metaspace       used 33628K, capacity 35426K, committed 35456K, reserved 1079296K
  class space    used 4585K, capacity 4967K, committed 4992K, reserved 1048576K
Event: 7.760 GC heap after
Heap after GC invocations=10 (full 2):
 PSYoungGen      total 229888K, used 0K [0x000000076dd80000, 0x000000077cf00000, 0x00000007c0000000)
  eden space 216064K, 0% used [0x000000076dd80000,0x000000076dd80000,0x000000077b080000)
  from space 13824K, 0% used [0x000000077bf00000,0x000000077bf00000,0x000000077cc80000)
  to   space 14848K, 0% used [0x000000077b080000,0x000000077b080000,0x000000077bf00000)
 ParOldGen       total 116224K, used 17082K [0x00000006c9800000, 0x00000006d0980000, 0x000000076dd80000)
  object space 116224K, 14% used [0x00000006c9800000,0x00000006ca8ae9b8,0x00000006d0980000)
 Metaspace       used 33628K, capacity 35426K, committed 35456K, reserved 1079296K
  class space    used 4585K, capacity 4967K, committed 4992K, reserved 1048576K
}
Event: 11.274 GC heap before
{Heap before GC invocations=11 (full 2):
 PSYoungGen      total 229888K, used 216064K [0x000000076dd80000, 0x000000077cf00000, 0x00000007c0000000)
  eden space 216064K, 100% used [0x000000076dd80000,0x000000077b080000,0x000000077b080000)
  from space 13824K, 0% used [0x000000077bf00000,0x000000077bf00000,0x000000077cc80000)
  to   space 14848K, 0% used [0x000000077b080000,0x000000077b080000,0x000000077bf00000)
 ParOldGen       total 116224K, used 17082K [0x00000006c9800000, 0x00000006d0980000, 0x000000076dd80000)
  object space 116224K, 14% used [0x00000006c9800000,0x00000006ca8ae9b8,0x00000006d0980000)
 Metaspace       used 44830K, capacity 46790K, committed 46976K, reserved 1089536K
  class space    used 6040K, capacity 6448K, committed 6528K, reserved 1048576K
Event: 11.282 GC heap after
Heap after GC invocations=11 (full 2):
 PSYoungGen      total 230912K, used 14363K [0x000000076dd80000, 0x0000000781880000, 0x00000007c0000000)
  eden space 216064K, 0% used [0x000000076dd80000,0x000000076dd80000,0x000000077b080000)
  from space 14848K, 96% used [0x000000077b080000,0x000000077be86cb8,0x000000077bf00000)
  to   space 16384K, 0% used [0x0000000780880000,0x0000000780880000,0x0000000781880000)
 ParOldGen       total 116224K, used 17154K [0x00000006c9800000, 0x00000006d0980000, 0x000000076dd80000)
  object space 116224K, 14% used [0x00000006c9800000,0x00000006ca8c09c8,0x00000006d0980000)
 Metaspace       used 44830K, capacity 46790K, committed 46976K, reserved 1089536K
  class space    used 6040K, capacity 6448K, committed 6528K, reserved 1048576K
}
Event: 14.280 GC heap before
{Heap before GC invocations=12 (full 2):
 PSYoungGen      total 230912K, used 230427K [0x000000076dd80000, 0x0000000781880000, 0x00000007c0000000)
  eden space 216064K, 100% used [0x000000076dd80000,0x000000077b080000,0x000000077b080000)
  from space 14848K, 96% used [0x000000077b080000,0x000000077be86cb8,0x000000077bf00000)
  to   space 16384K, 0% used [0x0000000780880000,0x0000000780880000,0x0000000781880000)
 ParOldGen       total 116224K, used 17154K [0x00000006c9800000, 0x00000006d0980000, 0x000000076dd80000)
  object space 116224K, 14% used [0x00000006c9800000,0x00000006ca8c09c8,0x00000006d0980000)
 Metaspace       used 48801K, capacity 51236K, committed 51456K, reserved 1093632K
  class space    used 6548K, capacity 7055K, committed 7168K, reserved 1048576K
Event: 14.286 GC heap after
Heap after GC invocations=12 (full 2):
 PSYoungGen      total 294912K, used 12763K [0x000000076dd80000, 0x0000000781500000, 0x00000007c0000000)
  eden space 282112K, 0% used [0x000000076dd80000,0x000000076dd80000,0x000000077f100000)
  from space 12800K, 99% used [0x0000000780880000,0x00000007814f6c48,0x0000000781500000)
  to   space 16896K, 0% used [0x000000077f400000,0x000000077f400000,0x0000000780480000)
 ParOldGen       total 116224K, used 17162K [0x00000006c9800000, 0x00000006d0980000, 0x000000076dd80000)
  object space 116224K, 14% used [0x00000006c9800000,0x00000006ca8c29c8,0x00000006d0980000)
 Metaspace       used 48801K, capacity 51236K, committed 51456K, reserved 1093632K
  class space    used 6548K, capacity 7055K, committed 7168K, reserved 1048576K
}
Event: 25.710 GC heap before
{Heap before GC invocations=13 (full 2):
 PSYoungGen      total 294912K, used 291589K [0x000000076dd80000, 0x0000000781500000, 0x00000007c0000000)
  eden space 282112K, 98% used [0x000000076dd80000,0x000000077edca8e8,0x000000077f100000)
  from space 12800K, 99% used [0x0000000780880000,0x00000007814f6c48,0x0000000781500000)
  to   space 16896K, 0% used [0x000000077f400000,0x000000077f400000,0x0000000780480000)
 ParOldGen       total 116224K, used 17162K [0x00000006c9800000, 0x00000006d0980000, 0x000000076dd80000)
  object space 116224K, 14% used [0x00000006c9800000,0x00000006ca8c29c8,0x00000006d0980000)
 Metaspace       used 55761K, capacity 58944K, committed 59096K, reserved 1099776K
  class space    used 7501K, capacity 8093K, committed 8192K, reserved 1048576K
Event: 25.719 GC heap after
Heap after GC invocations=13 (full 2):
 PSYoungGen      total 302080K, used 16871K [0x000000076dd80000, 0x0000000786600000, 0x00000007c0000000)
  eden space 285184K, 0% used [0x000000076dd80000,0x000000076dd80000,0x000000077f400000)
  from space 16896K, 99% used [0x000000077f400000,0x0000000780479f58,0x0000000780480000)
  to   space 22528K, 0% used [0x0000000785000000,0x0000000785000000,0x0000000786600000)
 ParOldGen       total 116224K, used 26601K [0x00000006c9800000, 0x00000006d0980000, 0x000000076dd80000)
  object space 116224K, 22% used [0x00000006c9800000,0x00000006cb1fa778,0x00000006d0980000)
 Metaspace       used 55761K, capacity 58944K, committed 59096K, reserved 1099776K
  class space    used 7501K, capacity 8093K, committed 8192K, reserved 1048576K
}
Event: 25.719 GC heap before
{Heap before GC invocations=14 (full 3):
 PSYoungGen      total 302080K, used 16871K [0x000000076dd80000, 0x0000000786600000, 0x00000007c0000000)
  eden space 285184K, 0% used [0x000000076dd80000,0x000000076dd80000,0x000000077f400000)
  from space 16896K, 99% used [0x000000077f400000,0x0000000780479f58,0x0000000780480000)
  to   space 22528K, 0% used [0x0000000785000000,0x0000000785000000,0x0000000786600000)
 ParOldGen       total 116224K, used 26601K [0x00000006c9800000, 0x00000006d0980000, 0x000000076dd80000)
  object space 116224K, 22% used [0x00000006c9800000,0x00000006cb1fa778,0x00000006d0980000)
 Metaspace       used 55761K, capacity 58944K, committed 59096K, reserved 1099776K
  class space    used 7501K, capacity 8093K, committed 8192K, reserved 1048576K
Event: 25.851 GC heap after
Heap after GC invocations=14 (full 3):
 PSYoungGen      total 302080K, used 0K [0x000000076dd80000, 0x0000000786600000, 0x00000007c0000000)
  eden space 285184K, 0% used [0x000000076dd80000,0x000000076dd80000,0x000000077f400000)
  from space 16896K, 0% used [0x000000077f400000,0x000000077f400000,0x0000000780480000)
  to   space 22528K, 0% used [0x0000000785000000,0x0000000785000000,0x0000000786600000)
 ParOldGen       total 174080K, used 39346K [0x00000006c9800000, 0x00000006d4200000, 0x000000076dd80000)
  object space 174080K, 22% used [0x00000006c9800000,0x00000006cbe6cb90,0x00000006d4200000)
 Metaspace       used 55761K, capacity 58944K, committed 59096K, reserved 1099776K
  class space    used 7501K, capacity 8093K, committed 8192K, reserved 1048576K
}

